Determining if the pthread_create exist failed with the following output:
Change Dir: /workspaces/rosi_python_api/catkin_ws/build/catkin_tools_prebuild/CMakeFiles/CMakeTmp

Run Build Command:"/usr/bin/make" "cmTC_60c2e/fast"
/usr/bin/make -f CMakeFiles/cmTC_60c2e.dir/build.make CMakeFiles/cmTC_60c2e.dir/build
make[1]: Entering directory '/workspaces/rosi_python_api/catkin_ws/build/catkin_tools_prebuild/CMakeFiles/CMakeTmp'
Building C object CMakeFiles/cmTC_60c2e.dir/CheckSymbolExists.c.o
/usr/bin/cc    -o CMakeFiles/cmTC_60c2e.dir/CheckSymbolExists.c.o   -c /workspaces/rosi_python_api/catkin_ws/build/catkin_tools_prebuild/CMakeFiles/CMakeTmp/CheckSymbolExists.c
Linking C executable cmTC_60c2e
/usr/bin/cmake -E cmake_link_script CMakeFiles/cmTC_60c2e.dir/link.txt --verbose=1
/usr/bin/cc      -rdynamic CMakeFiles/cmTC_60c2e.dir/CheckSymbolExists.c.o  -o cmTC_60c2e 
CMakeFiles/cmTC_60c2e.dir/CheckSymbolExists.c.o: In function `main':
CheckSymbolExists.c:(.text+0x1b): undefined reference to `pthread_create'
collect2: error: ld returned 1 exit status
CMakeFiles/cmTC_60c2e.dir/build.make:97: recipe for target 'cmTC_60c2e' failed
make[1]: *** [cmTC_60c2e] Error 1
make[1]: Leaving directory '/workspaces/rosi_python_api/catkin_ws/build/catkin_tools_prebuild/CMakeFiles/CMakeTmp'
Makefile:126: recipe for target 'cmTC_60c2e/fast' failed
make: *** [cmTC_60c2e/fast] Error 2

File /workspaces/rosi_python_api/catkin_ws/build/catkin_tools_prebuild/CMakeFiles/CMakeTmp/CheckSymbolExists.c:
/* */
#include <pthread.h>

int main(int argc, char** argv)
{
  (void)argv;
#ifndef pthread_create
  return ((int*)(&pthread_create))[argc];
#else
  (void)argc;
  return 0;
#endif
}

Determining if the function pthread_create exists in the pthreads failed with the following output:
Change Dir: /workspaces/rosi_python_api/catkin_ws/build/catkin_tools_prebuild/CMakeFiles/CMakeTmp

Run Build Command:"/usr/bin/make" "cmTC_208be/fast"
/usr/bin/make -f CMakeFiles/cmTC_208be.dir/build.make CMakeFiles/cmTC_208be.dir/build
make[1]: Entering directory '/workspaces/rosi_python_api/catkin_ws/build/catkin_tools_prebuild/CMakeFiles/CMakeTmp'
Building C object CMakeFiles/cmTC_208be.dir/CheckFunctionExists.c.o
/usr/bin/cc   -DCHECK_FUNCTION_EXISTS=pthread_create   -o CMakeFiles/cmTC_208be.dir/CheckFunctionExists.c.o   -c /usr/share/cmake-3.10/Modules/CheckFunctionExists.c
Linking C executable cmTC_208be
/usr/bin/cmake -E cmake_link_script CMakeFiles/cmTC_208be.dir/link.txt --verbose=1
/usr/bin/cc  -DCHECK_FUNCTION_EXISTS=pthread_create    -rdynamic CMakeFiles/cmTC_208be.dir/CheckFunctionExists.c.o  -o cmTC_208be -lpthreads 
/usr/bin/ld: cannot find -lpthreads
collect2: error: ld returned 1 exit status
CMakeFiles/cmTC_208be.dir/build.make:97: recipe for target 'cmTC_208be' failed
make[1]: *** [cmTC_208be] Error 1
make[1]: Leaving directory '/workspaces/rosi_python_api/catkin_ws/build/catkin_tools_prebuild/CMakeFiles/CMakeTmp'
Makefile:126: recipe for target 'cmTC_208be/fast' failed
make: *** [cmTC_208be/fast] Error 2


