Determining if the pthread_create exist failed with the following output:
Change Dir: /workspaces/rosi_python_api/catkin_ws/build/rosi_interface/CMakeFiles/CMakeTmp

Run Build Command:"/usr/bin/make" "cmTC_1ed21/fast"
/usr/bin/make -f CMakeFiles/cmTC_1ed21.dir/build.make CMakeFiles/cmTC_1ed21.dir/build
make[1]: Entering directory '/workspaces/rosi_python_api/catkin_ws/build/rosi_interface/CMakeFiles/CMakeTmp'
Building C object CMakeFiles/cmTC_1ed21.dir/CheckSymbolExists.c.o
/usr/bin/cc    -o CMakeFiles/cmTC_1ed21.dir/CheckSymbolExists.c.o   -c /workspaces/rosi_python_api/catkin_ws/build/rosi_interface/CMakeFiles/CMakeTmp/CheckSymbolExists.c
Linking C executable cmTC_1ed21
/usr/bin/cmake -E cmake_link_script CMakeFiles/cmTC_1ed21.dir/link.txt --verbose=1
/usr/bin/cc      -rdynamic CMakeFiles/cmTC_1ed21.dir/CheckSymbolExists.c.o  -o cmTC_1ed21 
CMakeFiles/cmTC_1ed21.dir/CheckSymbolExists.c.o: In function `main':
CheckSymbolExists.c:(.text+0x1b): undefined reference to `pthread_create'
collect2: error: ld returned 1 exit status
CMakeFiles/cmTC_1ed21.dir/build.make:97: recipe for target 'cmTC_1ed21' failed
make[1]: *** [cmTC_1ed21] Error 1
make[1]: Leaving directory '/workspaces/rosi_python_api/catkin_ws/build/rosi_interface/CMakeFiles/CMakeTmp'
Makefile:126: recipe for target 'cmTC_1ed21/fast' failed
make: *** [cmTC_1ed21/fast] Error 2

File /workspaces/rosi_python_api/catkin_ws/build/rosi_interface/CMakeFiles/CMakeTmp/CheckSymbolExists.c:
/* */
#include <pthread.h>

int main(int argc, char** argv)
{
  (void)argv;
#ifndef pthread_create
  return ((int*)(&pthread_create))[argc];
#else
  (void)argc;
  return 0;
#endif
}

Determining if the function pthread_create exists in the pthreads failed with the following output:
Change Dir: /workspaces/rosi_python_api/catkin_ws/build/rosi_interface/CMakeFiles/CMakeTmp

Run Build Command:"/usr/bin/make" "cmTC_91720/fast"
/usr/bin/make -f CMakeFiles/cmTC_91720.dir/build.make CMakeFiles/cmTC_91720.dir/build
make[1]: Entering directory '/workspaces/rosi_python_api/catkin_ws/build/rosi_interface/CMakeFiles/CMakeTmp'
Building C object CMakeFiles/cmTC_91720.dir/CheckFunctionExists.c.o
/usr/bin/cc   -DCHECK_FUNCTION_EXISTS=pthread_create   -o CMakeFiles/cmTC_91720.dir/CheckFunctionExists.c.o   -c /usr/share/cmake-3.10/Modules/CheckFunctionExists.c
Linking C executable cmTC_91720
/usr/bin/cmake -E cmake_link_script CMakeFiles/cmTC_91720.dir/link.txt --verbose=1
/usr/bin/cc  -DCHECK_FUNCTION_EXISTS=pthread_create    -rdynamic CMakeFiles/cmTC_91720.dir/CheckFunctionExists.c.o  -o cmTC_91720 -lpthreads 
/usr/bin/ld: cannot find -lpthreads
collect2: error: ld returned 1 exit status
CMakeFiles/cmTC_91720.dir/build.make:97: recipe for target 'cmTC_91720' failed
make[1]: *** [cmTC_91720] Error 1
make[1]: Leaving directory '/workspaces/rosi_python_api/catkin_ws/build/rosi_interface/CMakeFiles/CMakeTmp'
Makefile:126: recipe for target 'cmTC_91720/fast' failed
make: *** [cmTC_91720/fast] Error 2


