Determining if the pthread_create exist failed with the following output:
Change Dir: /workspaces/rosi_python_api/catkin_ws/build/rosi_callback_interface/CMakeFiles/CMakeTmp

Run Build Command:"/usr/bin/make" "cmTC_ff29a/fast"
/usr/bin/make -f CMakeFiles/cmTC_ff29a.dir/build.make CMakeFiles/cmTC_ff29a.dir/build
make[1]: Entering directory '/workspaces/rosi_python_api/catkin_ws/build/rosi_callback_interface/CMakeFiles/CMakeTmp'
Building C object CMakeFiles/cmTC_ff29a.dir/CheckSymbolExists.c.o
/usr/bin/cc    -o CMakeFiles/cmTC_ff29a.dir/CheckSymbolExists.c.o   -c /workspaces/rosi_python_api/catkin_ws/build/rosi_callback_interface/CMakeFiles/CMakeTmp/CheckSymbolExists.c
Linking C executable cmTC_ff29a
/usr/bin/cmake -E cmake_link_script CMakeFiles/cmTC_ff29a.dir/link.txt --verbose=1
/usr/bin/cc      -rdynamic CMakeFiles/cmTC_ff29a.dir/CheckSymbolExists.c.o  -o cmTC_ff29a 
CMakeFiles/cmTC_ff29a.dir/CheckSymbolExists.c.o: In function `main':
CheckSymbolExists.c:(.text+0x1b): undefined reference to `pthread_create'
collect2: error: ld returned 1 exit status
CMakeFiles/cmTC_ff29a.dir/build.make:97: recipe for target 'cmTC_ff29a' failed
make[1]: *** [cmTC_ff29a] Error 1
make[1]: Leaving directory '/workspaces/rosi_python_api/catkin_ws/build/rosi_callback_interface/CMakeFiles/CMakeTmp'
Makefile:126: recipe for target 'cmTC_ff29a/fast' failed
make: *** [cmTC_ff29a/fast] Error 2

File /workspaces/rosi_python_api/catkin_ws/build/rosi_callback_interface/CMakeFiles/CMakeTmp/CheckSymbolExists.c:
/* */
#include <pthread.h>

int main(int argc, char** argv)
{
  (void)argv;
#ifndef pthread_create
  return ((int*)(&pthread_create))[argc];
#else
  (void)argc;
  return 0;
#endif
}

Determining if the function pthread_create exists in the pthreads failed with the following output:
Change Dir: /workspaces/rosi_python_api/catkin_ws/build/rosi_callback_interface/CMakeFiles/CMakeTmp

Run Build Command:"/usr/bin/make" "cmTC_c8b42/fast"
/usr/bin/make -f CMakeFiles/cmTC_c8b42.dir/build.make CMakeFiles/cmTC_c8b42.dir/build
make[1]: Entering directory '/workspaces/rosi_python_api/catkin_ws/build/rosi_callback_interface/CMakeFiles/CMakeTmp'
Building C object CMakeFiles/cmTC_c8b42.dir/CheckFunctionExists.c.o
/usr/bin/cc   -DCHECK_FUNCTION_EXISTS=pthread_create   -o CMakeFiles/cmTC_c8b42.dir/CheckFunctionExists.c.o   -c /usr/share/cmake-3.10/Modules/CheckFunctionExists.c
Linking C executable cmTC_c8b42
/usr/bin/cmake -E cmake_link_script CMakeFiles/cmTC_c8b42.dir/link.txt --verbose=1
/usr/bin/cc  -DCHECK_FUNCTION_EXISTS=pthread_create    -rdynamic CMakeFiles/cmTC_c8b42.dir/CheckFunctionExists.c.o  -o cmTC_c8b42 -lpthreads 
/usr/bin/ld: cannot find -lpthreads
collect2: error: ld returned 1 exit status
CMakeFiles/cmTC_c8b42.dir/build.make:97: recipe for target 'cmTC_c8b42' failed
make[1]: *** [cmTC_c8b42] Error 1
make[1]: Leaving directory '/workspaces/rosi_python_api/catkin_ws/build/rosi_callback_interface/CMakeFiles/CMakeTmp'
Makefile:126: recipe for target 'cmTC_c8b42/fast' failed
make: *** [cmTC_c8b42/fast] Error 2


